# JRE version: OpenJDK Runtime Environment Temurin-21.0.11+10 (21.0.11+10) (build 21.0.11+10-LTS)
# Java VM: OpenJDK 64-Bit Server VM Temurin-21.0.11+10 (21.0.11+10-LTS, mixed mode, sharing, tiered, compressed oops, compressed class ptrs, g1 gc, windows-amd64)
GC Precious Log:
 CardTable entry size: 512
 Card Set container configuration: InlinePtr #cards 5 size 8 Array Of Cards #cards 12 size 40 Howl #buckets 4 coarsen threshold 1843 Howl Bitmap #cards 512 size 80 coarsen threshold 460 Card regions per heap region 1 cards per card region 2048
 CPUs: 8 total, 8 available
 Memory: 8101M
 Large Page Support: Disabled
 NUMA Support: Disabled
 Compressed Oops: Enabled (32-bit)
 Heap Region Size: 1M
 Heap Min Capacity: 8M
 Heap Initial Capacity: 128M
 Heap Max Capacity: 512M
 Pre-touch: Disabled
 Parallel Workers: 8
 Concurrent Workers: 2
 Concurrent Refinement Workers: 8
 Periodic GC: Disabled
Heap:
 garbage-first heap   total 58368K, used 49480K [0x00000000e0000000, 0x0000000100000000)
  region size 1024K, 17 young (17408K), 2 survivors (2048K)
 Metaspace       used 68005K, committed 68864K, reserved 1114112K
  class space    used 9502K, committed 9856K, reserved 1048576K
GC Heap History (20 events):
Event: 6.396 GC heap before
{Heap before GC invocations=6 (full 0):
 garbage-first heap   total 55296K, used 43087K [0x00000000e0000000, 0x0000000100000000)
  region size 1024K, 25 young (25600K), 2 survivors (2048K)
 Metaspace       used 32187K, committed 32640K, reserved 1114112K
  class space    used 4296K, committed 4480K, reserved 1048576K
}
Event: 6.401 GC heap after
{Heap after GC invocations=7 (full 0):
 garbage-first heap   total 55296K, used 21216K [0x00000000e0000000, 0x0000000100000000)
  region size 1024K, 4 young (4096K), 4 survivors (4096K)
 Metaspace       used 32187K, committed 32640K, reserved 1114112K
  class space    used 4296K, committed 4480K, reserved 1048576K
}
Event: 7.068 GC heap before
{Heap before GC invocations=7 (full 0):
 garbage-first heap   total 55296K, used 43744K [0x00000000e0000000, 0x0000000100000000)
  region size 1024K, 26 young (26624K), 4 survivors (4096K)
 Metaspace       used 34538K, committed 35008K, reserved 1114112K
  class space    used 4631K, committed 4864K, reserved 1048576K
}
Event: 7.074 GC heap after
{Heap after GC invocations=8 (full 0):
 garbage-first heap   total 55296K, used 23266K [0x00000000e0000000, 0x0000000100000000)
  region size 1024K, 4 young (4096K), 4 survivors (4096K)
 Metaspace       used 34538K, committed 35008K, reserved 1114112K
  class space    used 4631K, committed 4864K, reserved 1048576K
}
Event: 7.335 GC heap before
{Heap before GC invocations=8 (full 0):
 garbage-first heap   total 55296K, used 30434K [0x00000000e0000000, 0x0000000100000000)
  region size 1024K, 12 young (12288K), 4 survivors (4096K)
 Metaspace       used 35645K, committed 36096K, reserved 1114112K
  class space    used 4827K, committed 5056K, reserved 1048576K
}
Event: 7.340 GC heap after
{Heap after GC invocations=9 (full 0):
 garbage-first heap   total 55296K, used 23906K [0x00000000e0000000, 0x0000000100000000)
  region size 1024K, 3 young (3072K), 3 survivors (3072K)
 Metaspace       used 35645K, committed 36096K, reserved 1114112K
  class space    used 4827K, committed 5056K, reserved 1048576K
}
Event: 8.616 GC heap before
{Heap before GC invocations=10 (full 0):
 garbage-first heap   total 55296K, used 44386K [0x00000000e0000000, 0x0000000100000000)
  region size 1024K, 24 young (24576K), 3 survivors (3072K)
 Metaspace       used 41964K, committed 42432K, reserved 1114112K
  class space    used 5629K, committed 5824K, reserved 1048576K
}
Event: 8.622 GC heap after
{Heap after GC invocations=11 (full 0):
 garbage-first heap   total 55296K, used 26044K [0x00000000e0000000, 0x0000000100000000)
  region size 1024K, 3 young (3072K), 3 survivors (3072K)
 Metaspace       used 41964K, committed 42432K, reserved 1114112K
  class space    used 5629K, committed 5824K, reserved 1048576K
}
Event: 9.792 GC heap before
{Heap before GC invocations=11 (full 0):
 garbage-first heap   total 55296K, used 46524K [0x00000000e0000000, 0x0000000100000000)
  region size 1024K, 23 young (23552K), 3 survivors (3072K)
 Metaspace       used 46312K, committed 46848K, reserved 1114112K
  class space    used 6269K, committed 6528K, reserved 1048576K
}
Event: 9.797 GC heap after
{Heap after GC invocations=12 (full 0):
 garbage-first heap   total 55296K, used 26923K [0x00000000e0000000, 0x0000000100000000)
  region size 1024K, 2 young (2048K), 2 survivors (2048K)
 Metaspace       used 46312K, committed 46848K, reserved 1114112K
  class space    used 6269K, committed 6528K, reserved 1048576K
}
Event: 10.628 GC heap before
{Heap before GC invocations=12 (full 0):
 garbage-first heap   total 55296K, used 47403K [0x00000000e0000000, 0x0000000100000000)
  region size 1024K, 22 young (22528K), 2 survivors (2048K)
 Metaspace       used 51033K, committed 51648K, reserved 1114112K
  class space    used 7035K, committed 7296K, reserved 1048576K
}
Event: 10.632 GC heap after
{Heap after GC invocations=13 (full 0):
 garbage-first heap   total 55296K, used 27778K [0x00000000e0000000, 0x0000000100000000)
  region size 1024K, 3 young (3072K), 3 survivors (3072K)
 Metaspace       used 51033K, committed 51648K, reserved 1114112K
  class space    used 7035K, committed 7296K, reserved 1048576K
}
Event: 11.364 GC heap before
{Heap before GC invocations=14 (full 0):
 garbage-first heap   total 55296K, used 47234K [0x00000000e0000000, 0x0000000100000000)
  region size 1024K, 23 young (23552K), 3 survivors (3072K)
 Metaspace       used 56827K, committed 57472K, reserved 1114112K
  class space    used 7899K, committed 8192K, reserved 1048576K
}
Event: 11.369 GC heap after
{Heap after GC invocations=15 (full 0):
 garbage-first heap   total 55296K, used 28572K [0x00000000e0000000, 0x0000000100000000)
  region size 1024K, 2 young (2048K), 2 survivors (2048K)
 Metaspace       used 56827K, committed 57472K, reserved 1114112K
  class space    used 7899K, committed 8192K, reserved 1048576K
}
Event: 12.112 GC heap before
{Heap before GC invocations=15 (full 0):
 garbage-first heap   total 55296K, used 49052K [0x00000000e0000000, 0x0000000100000000)
  region size 1024K, 22 young (22528K), 2 survivors (2048K)
 Metaspace       used 59839K, committed 60544K, reserved 1114112K
  class space    used 8317K, committed 8640K, reserved 1048576K
}
Event: 12.119 GC heap after
{Heap after GC invocations=16 (full 0):
 garbage-first heap   total 55296K, used 30637K [0x00000000e0000000, 0x0000000100000000)
  region size 1024K, 3 young (3072K), 3 survivors (3072K)
 Metaspace       used 59839K, committed 60544K, reserved 1114112K
  class space    used 8317K, committed 8640K, reserved 1048576K
}
Event: 12.818 GC heap before
{Heap before GC invocations=16 (full 0):
 garbage-first heap   total 55296K, used 49069K [0x00000000e0000000, 0x0000000100000000)
  region size 1024K, 21 young (21504K), 3 survivors (3072K)
 Metaspace       used 62461K, committed 63232K, reserved 1114112K
  class space    used 8711K, committed 9024K, reserved 1048576K
}
Event: 12.825 GC heap after
{Heap after GC invocations=17 (full 0):
 garbage-first heap   total 56320K, used 33119K [0x00000000e0000000, 0x0000000100000000)
  region size 1024K, 3 young (3072K), 3 survivors (3072K)
 Metaspace       used 62461K, committed 63232K, reserved 1114112K
  class space    used 8711K, committed 9024K, reserved 1048576K
}
Event: 13.716 GC heap before
{Heap before GC invocations=18 (full 0):
 garbage-first heap   total 58368K, used 49503K [0x00000000e0000000, 0x0000000100000000)
  region size 1024K, 19 young (19456K), 3 survivors (3072K)
 Metaspace       used 64677K, committed 65472K, reserved 1114112K
  class space    used 9060K, committed 9408K, reserved 1048576K
}
Event: 13.722 GC heap after
{Heap after GC invocations=19 (full 0):
 garbage-first heap   total 58368K, used 35144K [0x00000000e0000000, 0x0000000100000000)
  region size 1024K, 2 young (2048K), 2 survivors (2048K)
 Metaspace       used 64677K, committed 65472K, reserved 1114112K
  class space    used 9060K, committed 9408K, reserved 1048576K
}

